"2016-12-22 08:47:15""2016-12-22 08:48:38""2016-12-22 08:48:43""2016-12-22 08:48:45""2016-12-22 08:48:45""2016-12-22 08:48:45""2016-12-22 08:48:45""2016-12-22 08:48:46""2017-01-05 10:30:44\/index\/login\n""2017-01-05 10:30:44\/Storage\/PicVerificationCode\n"2017-01-05 10:31:29"\/index\/login"
2017-01-05 10:31:29"\/Storage\/PicVerificationCode"
[2017-01-05 10:32:13] /index/login
[2017-01-05 10:32:13] /Storage/PicVerificationCode
[2017-01-05 10:35:29] /index/login
[2017-01-05 10:35:29] /index/verifyCode
[2017-01-05 10:36:45] /index/verifycode
[2017-01-05 10:36:54] /index/verifyCode
[2017-01-05 10:37:24] /index/login
[2017-01-05 10:37:24] /index/verifyCode
[2017-01-05 11:05:36] /index/verifycode
[2017-01-05 11:07:08] /index/verifycode
[2017-01-05 11:12:10] /index/verifyCode
[2017-01-05 11:12:52] /index/login
[2017-01-05 11:12:52] /index/index/verifyCode
[2017-01-05 11:12:52] /index/index/verifyCode
[2017-01-05 11:12:56] /index/index/verifyCode
[2017-01-05 11:13:41] /index/login
[2017-01-05 11:13:41] /index/verifyCode
[2017-01-05 11:14:18] /index/login
[2017-01-05 11:14:18] /index/verifyCode
[2017-01-05 11:15:00] /index/login
[2017-01-05 11:15:00] /index/verifyCode
[2017-01-05 11:15:00] /index/login
[2017-01-05 11:15:00] /index/verifyCode
[2017-01-05 11:15:01] /index/login
[2017-01-05 11:15:01] /index/verifyCode
[2017-01-05 11:15:01] /index/login
[2017-01-05 11:15:02] /index/verifyCode
[2017-01-05 11:15:02] /index/login
[2017-01-05 11:15:02] /index/verifyCode
[2017-01-05 11:15:03] /index/login
[2017-01-05 11:15:03] /index/verifyCode
[2017-01-05 11:15:03] /index/login
[2017-01-05 11:15:03] /index/verifyCode
[2017-01-05 11:15:04] /index/login
[2017-01-05 11:15:04] /index/verifyCode
[2017-01-05 11:15:04] /index/login
[2017-01-05 11:15:04] /index/verifyCode
[2017-01-05 11:15:22] /index/login
[2017-01-05 11:15:22] /index/verifyCode
[2017-01-05 11:15:23] /index/login
[2017-01-05 11:15:23] /index/verifyCode
[2017-01-05 11:15:23] /index/login
[2017-01-05 11:15:24] /index/verifyCode
[2017-01-05 11:15:24] /index/login
[2017-01-05 11:15:24] /index/verifyCode
[2017-01-06 02:51:16] /index/login
[2017-01-06 02:51:17] /index/verifyCode
[2017-01-06 02:51:17] /favicon.ico
[2017-01-06 02:51:17] /favicon.ico
[2017-01-06 05:15:15] /index/login
[2017-01-06 05:15:16] /index/verifyCode
[2017-01-06 05:24:16] /index/login
[2017-01-06 05:24:16] /index/verifyCode
[2017-01-06 05:24:18] /index/login
[2017-01-06 05:24:18] /index/verifyCode
[2017-01-06 05:24:27] /index/login
[2017-01-06 05:24:27] /index/verifyCode
[2017-01-06 05:24:43] /index/login
[2017-01-06 05:24:43] /index/verifyCode
[2017-01-06 05:25:03] /index/login
[2017-01-06 05:25:03] /index/verifyCode
[2017-01-06 05:26:12] /index/login
[2017-01-06 05:26:12] /index/verifyCode
[2017-01-06 05:26:46] /index/login
[2017-01-06 05:26:46] /index/verifyCode
[2017-01-06 05:26:49] /index/login
[2017-01-06 05:26:49] /index/verifyCode
[2017-01-06 05:27:18] /index/login
[2017-01-06 05:27:18] /index/verifyCode
[2017-01-06 05:30:30] /index/login
[2017-01-06 05:30:31] /index/verifyCode
[2017-01-06 05:30:33] /index/login
[2017-01-06 05:30:33] /index/verifyCode
[2017-01-06 05:30:55] /index/login
[2017-01-06 05:30:55] /index/verifyCode
[2017-01-06 05:31:17] /index/login
[2017-01-06 05:31:17] /index/verifyCode
[2017-01-06 05:31:18] /index/verifyCode
[2017-01-06 05:31:19] /index/verifyCode
[2017-01-06 05:31:20] /index/verifyCode
[2017-01-06 05:31:25] /index/verifyCode
[2017-01-06 05:31:25] /index/verifyCode
[2017-01-06 05:31:26] /index/verifyCode
[2017-01-06 05:31:27] /index/verifyCode
[2017-01-06 05:31:28] /index/verifyCode
[2017-01-06 05:31:28] /index/verifyCode
[2017-01-06 05:31:29] /index/verifyCode
[2017-01-06 05:31:48] /index/login
[2017-01-06 05:31:48] /index/verifyCode
[2017-01-06 05:31:50] /index/login
[2017-01-06 05:31:50] /index/verifyCode
[2017-01-06 05:31:51] /index/login
[2017-01-06 05:31:51] /index/verifyCode
[2017-01-06 05:32:37] /index/verifyCode
[2017-01-06 05:32:37] /index/verifyCode
[2017-01-06 05:33:57] /index/verifyCode
[2017-01-06 05:33:58] /index/verifyCode
[2017-01-06 05:33:58] /index/verifyCode
[2017-01-06 05:33:59] /index/verifyCode
[2017-01-06 05:37:00] /index/verifyCode
[2017-01-06 05:37:00] /index/verifyCode
[2017-01-06 05:37:04] /index/login
[2017-01-06 05:37:04] /index/verifyCode
[2017-01-06 05:37:05] /index/login
[2017-01-06 05:37:05] /index/verifyCode
[2017-01-06 05:37:06] /index/login
[2017-01-06 05:37:06] /index/verifyCode
[2017-01-06 05:37:07] /index/login
[2017-01-06 05:37:07] /index/verifyCode
[2017-01-06 05:37:10] /index/login
[2017-01-06 05:37:10] /index/verifyCode
[2017-01-06 05:37:12] /index/login
[2017-01-06 05:37:12] /index/verifyCode
[2017-01-06 05:37:34] /index/login
[2017-01-06 05:37:34] /index/verifyCode
[2017-01-06 05:37:36] /index/login
[2017-01-06 05:37:36] /index/verifyCode
[2017-01-06 05:37:39] /index/login
[2017-01-06 05:37:39] /index/verifyCode
[2017-01-06 09:55:45] /index/login
[2017-01-06 09:55:45] /index/verifyCode
[2017-01-06 09:55:49] /index/test
[2017-01-06 09:57:11] /index/test
[2017-01-06 09:59:14] /index/test
[2017-01-06 10:00:49] /index/test
[2017-01-06 10:01:33] /index/test
[2017-01-06 10:01:58] /index/test
[2017-01-06 10:03:46] /index/test
[2017-01-06 10:04:03] /index/test
[2017-01-06 10:04:39] /index/test
[2017-01-06 10:46:18] /index/login
[2017-01-06 10:46:19] /index/verifyCode
[2017-01-06 10:46:35] /index/verifyCode
[2017-01-06 10:46:38] /index/login
[2017-01-06 10:46:38] /index/verifyCode
[2017-01-06 10:46:39] /index/login
[2017-01-06 10:46:39] /index/verifyCode
[2017-01-06 10:48:04] /index/login
[2017-01-06 10:48:04] /index/verifyCode
[2017-01-06 10:48:07] /index/login
[2017-01-06 10:48:07] /index/verifyCode
[2017-01-06 10:48:19] /index/login
[2017-01-06 10:48:19] /index/verifyCode
[2017-01-06 10:48:21] /index/login
[2017-01-06 10:48:21] /index/verifyCode
[2017-01-06 10:52:50] /index/login
[2017-01-06 10:52:50] /index/verifyCode
[2017-01-06 10:52:52] /index/login
[2017-01-06 10:52:52] /index/verifyCode
[2017-01-06 10:53:54] /index/login
[2017-01-06 10:53:54] /index/verifyCode
[2017-01-06 10:54:43] /index/verifyCode
[2017-01-06 10:54:43] /index/verifyCode
[2017-01-06 10:54:59] /index/login
[2017-01-06 10:54:59] /index/verifyCode
[2017-01-06 10:54:59] /index/verifyCode
[2017-01-06 10:55:00] /index/verifyCode
[2017-01-06 10:55:00] /index/verifyCode
[2017-01-06 10:55:01] /index/verifyCode
[2017-01-06 10:55:02] /index/login
[2017-01-06 10:55:02] /index/verifyCode
[2017-01-06 10:55:34] /index/login
[2017-01-06 10:55:34] /index/verifyCode
[2017-01-06 10:55:34] /index/verifyCode
[2017-01-06 10:55:35] /index/login
[2017-01-06 10:55:35] /index/verifyCode
[2017-01-06 10:55:36] /index/login
[2017-01-06 10:55:36] /index/verifyCode
[2017-01-06 10:55:36] /index/verifyCode
[2017-01-06 10:55:45] /index/login
[2017-01-06 10:55:45] /index/verifyCode
[2017-01-06 10:55:46] /index/verifyCode
[2017-01-06 10:56:07] /index/login
[2017-01-06 10:56:07] /index/verifyCode
[2017-01-06 10:56:08] /index/login
[2017-01-06 10:56:08] /index/verifyCode
[2017-01-06 10:56:08] /index/verifyCode
[2017-01-06 10:56:15] /index/login
[2017-01-06 10:56:15] /index/verifyCode
[2017-01-06 10:56:15] /index/verifyCode
[2017-01-06 10:56:16] /index/login
[2017-01-06 10:56:16] /index/verifyCode
[2017-01-06 10:56:16] /index/verifyCode
[2017-01-06 10:56:23] /index/login
[2017-01-06 10:56:23] /index/verifyCode
